-------------------------------------------------------------------------------
Test set: tests.CreateAnAccountTest
-------------------------------------------------------------------------------
Tests run: 1, Failures: 1, Errors: 0, Skipped: 0, Time elapsed: 32.819 s <<< FAILURE! - in tests.CreateAnAccountTest
createAnAccountTest(tests.CreateAnAccountTest)  Time elapsed: 32.806 s  <<< FAILURE!
java.lang.AssertionError
	at tests.CreateAnAccountTest.createAnAccountTest(CreateAnAccountTest.java:34)

